_get_phase_color
_get_phase_glyph
info
okay
warn
error
fatal
trace
_human_time
_format_timer
_format_target_time
_format_completion_time
_cleanup
__parse_epoch
__whois_query
__extract_domain_status
__extract_registrar
__get_current_epoch
__format_time_display
_validate_domain
_validate_datetime
_validate_interval
_check_dependencies
_is_tld_supported
_load_tld_config
_get_tld_config
_determine_phase
_get_activity_code
_format_status_line
_print_live_line
_format_completion_message
_format_countdown
_calculate_interval
do_query
do_watch
_start_polling
_announce_phase_transition
_format_enhanced_status_line
_format_enhanced_completion_message
_add_completion_history
do_time
do_list_tlds
do_add_tld
do_test_tld
usage
options
dispatch
main
do_install
do_uninstall
do_status
